// Spring Roo UNKNOWN VERSION log opened at 2012-05-08 13:02:16
help
// [failed] executions-all
quit
// Spring Roo UNKNOWN VERSION log closed at 2012-05-08 13:04:01
// Spring Roo UNKNOWN VERSION log opened at 2012-05-08 13:04:27
target --url http://localhost:8081/spring-hadoop-admin/
info
executions-all
quit
// Spring Roo UNKNOWN VERSION log closed at 2012-05-08 13:06:20
// Spring Roo UNKNOWN VERSION log opened at 2012-05-08 13:06:33
jobs-all
jobs-name --jobName wordcount-withscript-job
job-execute --jobName wordcount-withscript-job
job-execute --jobName wordcount-withscript-job
quit
// Spring Roo UNKNOWN VERSION log closed at 2012-05-08 13:15:46
// Spring Roo UNKNOWN VERSION log opened at 2012-05-08 13:15:54
job-execute --jobName wordcount-withscript-job
help
executions-all
jobs-all
executions-name --jobName  wordcount-withscript-job
quit
// Spring Roo UNKNOWN VERSION log closed at 2012-05-08 13:26:41
// Spring Roo UNKNOWN VERSION log opened at 2012-05-08 13:26:49
help
executions-all
quit
// Spring Roo UNKNOWN VERSION log closed at 2012-05-08 13:28:38
// Spring Roo UNKNOWN VERSION log opened at 2012-05-08 13:28:48
jobs-all
launch-job --jobName wordcount-withscript-job
quit
// Spring Roo UNKNOWN VERSION log closed at 2012-05-08 13:45:33
// Spring Roo UNKNOWN VERSION log opened at 2012-05-08 13:45:41
launch-job --jobName wordcount-withscript-job
quit
// Spring Roo UNKNOWN VERSION log closed at 2012-05-08 13:59:29
// Spring Roo UNKNOWN VERSION log opened at 2012-05-08 13:59:37
launch-job --jobName wordcount-withscript-job
quit
// Spring Roo UNKNOWN VERSION log closed at 2012-05-08 15:05:20
// Spring Roo UNKNOWN VERSION log opened at 2012-05-08 15:06:36
launch-job --jobName wordcount-withscript-job
quit
// Spring Roo UNKNOWN VERSION log closed at 2012-05-08 15:07:58
// Spring Roo UNKNOWN VERSION log opened at 2012-05-08 15:12:33
launch-job --jobName wordcount-withscript-job
quit
// Spring Roo UNKNOWN VERSION log closed at 2012-05-08 15:12:55
// Spring Roo UNKNOWN VERSION log opened at 2012-05-08 15:13:39
launch-job --jobName wordcount-withscript-job
launch-job --jobName wordcount-withscript-job
launch-job --jobName wordcount-withscript-job
launch-job --jobName wordcount-withscript-job
launch-job --jobName wordcount-withscript-job
quit
// Spring Roo UNKNOWN VERSION log closed at 2012-05-08 15:13:50
// Spring Roo UNKNOWN VERSION log opened at 2012-05-08 15:15:14
launch-job --jobName wordcount-withscript-job
quit
// Spring Roo UNKNOWN VERSION log closed at 2012-05-08 15:44:48
// Spring Roo UNKNOWN VERSION log opened at 2012-05-08 15:53:26
launch-job --jobName wordcount-withscript-job
quit
// Spring Roo UNKNOWN VERSION log closed at 2012-05-08 17:02:59
// Spring Roo UNKNOWN VERSION log opened at 2012-05-09 11:27:30
launch-job --jobName wordcount-withscript-job
launch-job --jobName wordcount-withscript-job
quit
// Spring Roo UNKNOWN VERSION log closed at 2012-05-09 11:40:49
// Spring Roo UNKNOWN VERSION log opened at 2012-05-09 11:40:59
launch-job --jobName wordcount-withscript-job
quit
// Spring Roo UNKNOWN VERSION log closed at 2012-05-09 11:42:43
// Spring Roo UNKNOWN VERSION log opened at 2012-05-09 11:43:44
launch-job --jobName wordcount-withscript-job
quit
// Spring Roo UNKNOWN VERSION log closed at 2012-05-09 11:47:20
// Spring Roo UNKNOWN VERSION log opened at 2012-05-09 11:47:28
help 
jobs-all
launch-job --jobName wordcount-withscript-job
launch-job --jobName wordcount-withscript-job
// [failed] launch-job --jobName wordcount-withscript-job
info
target --url http://localhost:8080/spring-hadoop-admin
launch-job --jobName wordcount-withscript-job
launch-job --jobName wordcount-withscript-job
launch-job --jobName wordcount-withscript-job
quit
// Spring Roo UNKNOWN VERSION log closed at 2012-05-09 12:16:43
// Spring Roo UNKNOWN VERSION log opened at 2012-05-09 12:16:52
launch-job --jobName wordcount-withscript-job
launch-job --jobName wordcount-withscript-job
launch-job --jobName wordcount-withscript-job
quit
// Spring Roo UNKNOWN VERSION log closed at 2012-05-09 13:03:31
// Spring Roo UNKNOWN VERSION log opened at 2012-05-09 14:55:55
target --url http://localhost:8081/spring-hadoop-admin
info
jobs-all
launch-job --jobName wordcount-withscript-job
jobs-by-name --jobName wordcount-withscript-job
executions-all
jobs-by-name --jobName wordcount-withscript-job
executions-all
executions-all
jobs-by-name --jobName wordcount-withscript-job
quit
// Spring Roo UNKNOWN VERSION log closed at 2012-05-09 15:02:12
// Spring Roo UNKNOWN VERSION log opened at 2012-05-09 15:02:22
quit
// Spring Roo UNKNOWN VERSION log closed at 2012-05-09 15:03:16
// Spring Roo UNKNOWN VERSION log opened at 2012-05-09 15:03:25
quit
// Spring Roo UNKNOWN VERSION log closed at 2012-05-09 15:03:30
// Spring Roo UNKNOWN VERSION log opened at 2012-05-09 15:03:38
launch-job --jobName wordcount-withscript-job --jobParameters "fail=false, id=2"
executions-all
launch-job --jobName wordcount-withscript-job --jobParameters "fail=false, id=3"
executions-all
execution-by-id --jobExecutionId 0
execution-by-id --jobExecutionId 1
execution-stop-by-id --jobExecutionId 3
executions-stop-all
executions-all
quit
// Spring Roo UNKNOWN VERSION log closed at 2012-05-09 15:18:36
